<?xml version='1.0' encoding='UTF-8'?>
<testsuite hostname="joe-ThinkPad-T430" name="lisp.lisp_Tests" tests="9" errors="0" failures="0" skipped="9" time="-0.009" timestamp="2019-01-06T14:58:38">
                     <properties>
[...]
</properties>
                     <testcase classname="lisp.lisp_Tests" name="(factorial 6)" time="-0.001">
                                                 <skipped/>
                                               </testcase><testcase classname="lisp.lisp_Tests" name="eq?" time="-0.001">
                                                 <skipped/>
                                               </testcase><testcase classname="lisp.lisp_Tests" name="(odd 7)" time="-0.001">
                                                 <skipped/>
                                               </testcase><testcase classname="lisp.lisp_Tests" name="eval" time="-0.001">
                                                 <skipped/>
                                               </testcase><testcase classname="lisp.lisp_Tests" name="fexpr if" time="-0.001">
                                                 <skipped/>
                                               </testcase><testcase classname="lisp.lisp_Tests" name="list" time="-0.001">
                                                 <skipped/>
                                               </testcase><testcase classname="lisp.lisp_Tests" name="fexpr history" time="-0.001">
                                                 <skipped/>
                                               </testcase><testcase classname="lisp.lisp_Tests" name="fsubr" time="-0.001">
                                                 <skipped/>
                                               </testcase><testcase classname="lisp.lisp_Tests" name="fsubr history" time="-0.001">
                                                 <skipped/>
                                               </testcase>
                     <system-out><![CDATA[]]></system-out>
                     <system-err><![CDATA[]]></system-err>
                   </testsuite>